[0m17:40:55.272153 [debug] [MainThread]: Sending event: {'category': 'dbt', 'action': 'invocation', 'label': 'start', 'context': [<snowplow_tracker.self_describing_json.SelfDescribingJson object at 0x000002507B170800>, <snowplow_tracker.self_describing_json.SelfDescribingJson object at 0x000002507B173560>, <snowplow_tracker.self_describing_json.SelfDescribingJson object at 0x000002507B6D6F00>]}


============================== 17:40:55.298959 | a2a315d4-b140-4dbb-b8ca-08a98060202e ==============================
[0m17:40:55.298959 [info ] [MainThread]: Running with dbt=1.11.5
[0m17:40:55.300820 [debug] [MainThread]: running dbt with arguments {'static_parser': 'True', 'no_print': 'None', 'version_check': 'True', 'target_path': 'None', 'warn_error_options': 'WarnErrorOptionsV2(error=[], warn=[], silence=[])', 'printer_width': '80', 'write_json': 'True', 'empty': 'None', 'log_cache_events': 'False', 'introspect': 'True', 'cache_selected_only': 'False', 'log_format': 'default', 'debug': 'False', 'fail_fast': 'False', 'profiles_dir': 'C:\\Users\\Deepthi\\.dbt', 'send_anonymous_usage_stats': 'True', 'quiet': 'False', 'warn_error': 'None', 'partial_parse': 'True', 'invocation_command': 'dbt init', 'use_colors': 'True', 'indirect_selection': 'eager', 'use_experimental_parser': 'False', 'log_path': 'logs'}
[0m17:40:56.280997 [info ] [MainThread]: Creating dbt configuration folder at C:\Users\Deepthi\.dbt
[0m17:43:01.385609 [debug] [MainThread]: Starter project path: C:\Users\Deepthi\DBT_Snowflake\.venv\Lib\site-packages\dbt\include\starter_project
[0m17:43:01.458937 [info ] [MainThread]: 
Your new dbt project "aws_dbt_snow_project" was created!

For more information on how to configure the profiles.yml file,
please consult the dbt documentation here:

  https://docs.getdbt.com/docs/configure-your-profile

One more thing:

Need help? Don't hesitate to reach out to us via GitHub issues or on Slack:

  https://community.getdbt.com/

Happy modeling!

[0m17:43:01.460955 [info ] [MainThread]: Setting up your profile.
[0m17:43:22.648324 [debug] [MainThread]: Snowflake adapter: Setting snowflake.connector to ERROR (file logging only)
[0m17:43:22.648324 [debug] [MainThread]: Snowflake adapter: Setting botocore to ERROR (file logging only)
[0m17:43:22.649847 [debug] [MainThread]: Snowflake adapter: Setting boto3 to ERROR (file logging only)
[0m17:49:52.013743 [info ] [MainThread]: Profile aws_dbt_snow_project written to C:\Users\Deepthi\.dbt\profiles.yml using target's profile_template.yml and your supplied values. Run 'dbt debug' to validate the connection.
[0m17:49:52.021768 [debug] [MainThread]: Command `dbt init` succeeded at 17:49:52.020765 after 537.13 seconds
[0m17:49:52.024279 [debug] [MainThread]: Sending event: {'category': 'dbt', 'action': 'invocation', 'label': 'end', 'context': [<snowplow_tracker.self_describing_json.SelfDescribingJson object at 0x000002507BED7590>, <snowplow_tracker.self_describing_json.SelfDescribingJson object at 0x000002507BF49550>, <snowplow_tracker.self_describing_json.SelfDescribingJson object at 0x000002507DE8B260>]}
[0m17:49:52.025302 [debug] [MainThread]: Flushing usage events
[0m17:49:52.763447 [debug] [MainThread]: An error was encountered while trying to flush usage events
[0m11:33:35.706636 [debug] [MainThread]: Sending event: {'category': 'dbt', 'action': 'invocation', 'label': 'start', 'context': [<snowplow_tracker.self_describing_json.SelfDescribingJson object at 0x00000277B9AA4EC0>, <snowplow_tracker.self_describing_json.SelfDescribingJson object at 0x00000277B78F2090>, <snowplow_tracker.self_describing_json.SelfDescribingJson object at 0x00000277B9CE3FB0>]}


============================== 11:33:35.715258 | 473c1b6e-1571-49c3-9c99-923ef1120624 ==============================
[0m11:33:35.715258 [info ] [MainThread]: Running with dbt=1.11.5
[0m11:33:35.716863 [debug] [MainThread]: running dbt with arguments {'static_parser': 'True', 'no_print': 'None', 'version_check': 'True', 'target_path': 'None', 'warn_error_options': 'WarnErrorOptionsV2(error=[], warn=[], silence=[])', 'printer_width': '80', 'write_json': 'True', 'introspect': 'True', 'log_cache_events': 'False', 'empty': 'False', 'cache_selected_only': 'False', 'fail_fast': 'False', 'debug': 'False', 'log_format': 'default', 'profiles_dir': 'C:\\Users\\Deepthi\\.dbt', 'send_anonymous_usage_stats': 'True', 'quiet': 'False', 'warn_error': 'None', 'partial_parse': 'True', 'indirect_selection': 'eager', 'use_colors': 'True', 'invocation_command': 'dbt run --select models/demo', 'use_experimental_parser': 'False', 'log_path': 'logs'}
[0m11:33:35.717876 [error] [MainThread]: Encountered an error:
Runtime Error
  No dbt_project.yml found at expected path C:\Users\Deepthi\DBT_Snowflake\dbt_project.yml
  Verify that each entry within packages.yml (and their transitive dependencies) contains a file named dbt_project.yml
  
[0m11:33:35.718974 [debug] [MainThread]: Command `dbt run` failed at 11:33:35.718974 after 0.29 seconds
[0m11:33:35.719960 [debug] [MainThread]: Sending event: {'category': 'dbt', 'action': 'invocation', 'label': 'end', 'context': [<snowplow_tracker.self_describing_json.SelfDescribingJson object at 0x00000277B9EC08C0>, <snowplow_tracker.self_describing_json.SelfDescribingJson object at 0x00000277BA021130>, <snowplow_tracker.self_describing_json.SelfDescribingJson object at 0x00000277B9A157C0>]}
[0m11:33:35.719960 [debug] [MainThread]: Flushing usage events
[0m11:33:36.509476 [debug] [MainThread]: An error was encountered while trying to flush usage events
